{"total": {"lines":{"total":526,"covered":289,"skipped":0,"pct":54.94},"statements":{"total":579,"covered":303,"skipped":0,"pct":52.33},"functions":{"total":98,"covered":32,"skipped":0,"pct":32.65},"branches":{"total":236,"covered":47,"skipped":0,"pct":19.91},"branchesTrue":{"total":0,"covered":0,"skipped":0,"pct":100}}
,"/Users/nako/WebstormProjects/github/thefoxfairy/Kokoro/kokoro-web/apps/admin/eslint.config.mjs": {"lines":{"total":0,"covered":0,"skipped":0,"pct":100},"functions":{"total":0,"covered":0,"skipped":0,"pct":100},"statements":{"total":0,"covered":0,"skipped":0,"pct":100},"branches":{"total":0,"covered":0,"skipped":0,"pct":100}}
,"/Users/nako/WebstormProjects/github/thefoxfairy/Kokoro/kokoro-web/apps/admin/generated/iam/proto/buf/validate/validate_pb.ts": {"lines":{"total":47,"covered":47,"skipped":0,"pct":100},"functions":{"total":2,"covered":2,"skipped":0,"pct":100},"statements":{"total":47,"covered":47,"skipped":0,"pct":100},"branches":{"total":0,"covered":0,"skipped":0,"pct":100}}
,"/Users/nako/WebstormProjects/github/thefoxfairy/Kokoro/kokoro-web/apps/admin/generated/iam/proto/kokoro/iam/v1/administration_pb.ts": {"lines":{"total":22,"covered":22,"skipped":0,"pct":100},"functions":{"total":0,"covered":0,"skipped":0,"pct":100},"statements":{"total":22,"covered":22,"skipped":0,"pct":100},"branches":{"total":0,"covered":0,"skipped":0,"pct":100}}
,"/Users/nako/WebstormProjects/github/thefoxfairy/Kokoro/kokoro-web/apps/admin/generated/iam/proto/kokoro/iam/v1/auth_adapter_pb.ts": {"lines":{"total":30,"covered":30,"skipped":0,"pct":100},"functions":{"total":0,"covered":0,"skipped":0,"pct":100},"statements":{"total":30,"covered":30,"skipped":0,"pct":100},"branches":{"total":0,"covered":0,"skipped":0,"pct":100}}
,"/Users/nako/WebstormProjects/github/thefoxfairy/Kokoro/kokoro-web/apps/admin/generated/iam/proto/kokoro/iam/v1/authorization_pb.ts": {"lines":{"total":10,"covered":10,"skipped":0,"pct":100},"functions":{"total":0,"covered":0,"skipped":0,"pct":100},"statements":{"total":10,"covered":10,"skipped":0,"pct":100},"branches":{"total":0,"covered":0,"skipped":0,"pct":100}}
,"/Users/nako/WebstormProjects/github/thefoxfairy/Kokoro/kokoro-web/apps/admin/generated/iam/proto/kokoro/iam/v1/organization_pb.ts": {"lines":{"total":28,"covered":28,"skipped":0,"pct":100},"functions":{"total":0,"covered":0,"skipped":0,"pct":100},"statements":{"total":28,"covered":28,"skipped":0,"pct":100},"branches":{"total":0,"covered":0,"skipped":0,"pct":100}}
,"/Users/nako/WebstormProjects/github/thefoxfairy/Kokoro/kokoro-web/apps/admin/generated/iam/proto/kokoro/iam/v1/session_pb.ts": {"lines":{"total":10,"covered":10,"skipped":0,"pct":100},"functions":{"total":0,"covered":0,"skipped":0,"pct":100},"statements":{"total":10,"covered":10,"skipped":0,"pct":100},"branches":{"total":0,"covered":0,"skipped":0,"pct":100}}
,"/Users/nako/WebstormProjects/github/thefoxfairy/Kokoro/kokoro-web/apps/admin/generated/iam/proto/kokoro/iam/v1/types_pb.ts": {"lines":{"total":14,"covered":14,"skipped":0,"pct":100},"functions":{"total":0,"covered":0,"skipped":0,"pct":100},"statements":{"total":14,"covered":14,"skipped":0,"pct":100},"branches":{"total":0,"covered":0,"skipped":0,"pct":100}}
,"/Users/nako/WebstormProjects/github/thefoxfairy/Kokoro/kokoro-web/apps/admin/i18n/en.ts": {"lines":{"total":1,"covered":1,"skipped":0,"pct":100},"functions":{"total":0,"covered":0,"skipped":0,"pct":100},"statements":{"total":1,"covered":1,"skipped":0,"pct":100},"branches":{"total":0,"covered":0,"skipped":0,"pct":100}}
,"/Users/nako/WebstormProjects/github/thefoxfairy/Kokoro/kokoro-web/apps/admin/i18n/messages.ts": {"lines":{"total":4,"covered":4,"skipped":0,"pct":100},"functions":{"total":0,"covered":0,"skipped":0,"pct":100},"statements":{"total":4,"covered":4,"skipped":0,"pct":100},"branches":{"total":0,"covered":0,"skipped":0,"pct":100}}
,"/Users/nako/WebstormProjects/github/thefoxfairy/Kokoro/kokoro-web/apps/admin/scripts/test/catalog.ts": {"lines":{"total":7,"covered":7,"skipped":0,"pct":100},"functions":{"total":1,"covered":1,"skipped":0,"pct":100},"statements":{"total":7,"covered":7,"skipped":0,"pct":100},"branches":{"total":0,"covered":0,"skipped":0,"pct":100}}
,"/Users/nako/WebstormProjects/github/thefoxfairy/Kokoro/kokoro-web/apps/admin/scripts/test/evidence.ts": {"lines":{"total":48,"covered":38,"skipped":0,"pct":79.16},"functions":{"total":15,"covered":11,"skipped":0,"pct":73.33},"statements":{"total":51,"covered":40,"skipped":0,"pct":78.43},"branches":{"total":9,"covered":7,"skipped":0,"pct":77.77}}
,"/Users/nako/WebstormProjects/github/thefoxfairy/Kokoro/kokoro-web/apps/admin/scripts/test/production-boundary.ts": {"lines":{"total":41,"covered":33,"skipped":0,"pct":80.48},"functions":{"total":11,"covered":9,"skipped":0,"pct":81.81},"statements":{"total":55,"covered":43,"skipped":0,"pct":78.18},"branches":{"total":35,"covered":20,"skipped":0,"pct":57.14}}
,"/Users/nako/WebstormProjects/github/thefoxfairy/Kokoro/kokoro-web/apps/admin/scripts/test/run-acceptance.ts": {"lines":{"total":155,"covered":21,"skipped":0,"pct":13.54},"functions":{"total":41,"covered":1,"skipped":0,"pct":2.43},"statements":{"total":173,"covered":21,"skipped":0,"pct":12.13},"branches":{"total":117,"covered":11,"skipped":0,"pct":9.4}}
,"/Users/nako/WebstormProjects/github/thefoxfairy/Kokoro/kokoro-web/apps/admin/scripts/test/smoke-runtime.ts": {"lines":{"total":109,"covered":24,"skipped":0,"pct":22.01},"functions":{"total":28,"covered":8,"skipped":0,"pct":28.57},"statements":{"total":127,"covered":26,"skipped":0,"pct":20.47},"branches":{"total":75,"covered":9,"skipped":0,"pct":12}}
}
