{"total": {"lines":{"total":424,"covered":352,"skipped":0,"pct":83.01},"statements":{"total":477,"covered":371,"skipped":0,"pct":77.77},"functions":{"total":141,"covered":113,"skipped":0,"pct":80.14},"branches":{"total":368,"covered":223,"skipped":0,"pct":60.59},"branchesTrue":{"total":0,"covered":0,"skipped":0,"pct":100}}
,"/Users/nako/WebstormProjects/github/thefoxfairy/Kokoro/kokoro-web/apps/admin/components/auth/login-form.tsx": {"lines":{"total":6,"covered":6,"skipped":0,"pct":100},"functions":{"total":2,"covered":2,"skipped":0,"pct":100},"statements":{"total":6,"covered":6,"skipped":0,"pct":100},"branches":{"total":0,"covered":0,"skipped":0,"pct":100}}
,"/Users/nako/WebstormProjects/github/thefoxfairy/Kokoro/kokoro-web/apps/admin/components/command/command-dialog.tsx": {"lines":{"total":20,"covered":20,"skipped":0,"pct":100},"functions":{"total":3,"covered":3,"skipped":0,"pct":100},"statements":{"total":20,"covered":20,"skipped":0,"pct":100},"branches":{"total":16,"covered":15,"skipped":0,"pct":93.75}}
,"/Users/nako/WebstormProjects/github/thefoxfairy/Kokoro/kokoro-web/apps/admin/components/data/cursor-pagination.tsx": {"lines":{"total":4,"covered":3,"skipped":0,"pct":75},"functions":{"total":2,"covered":1,"skipped":0,"pct":50},"statements":{"total":4,"covered":3,"skipped":0,"pct":75},"branches":{"total":7,"covered":5,"skipped":0,"pct":71.42}}
,"/Users/nako/WebstormProjects/github/thefoxfairy/Kokoro/kokoro-web/apps/admin/components/data/status-tag.tsx": {"lines":{"total":5,"covered":5,"skipped":0,"pct":100},"functions":{"total":1,"covered":1,"skipped":0,"pct":100},"statements":{"total":5,"covered":5,"skipped":0,"pct":100},"branches":{"total":2,"covered":1,"skipped":0,"pct":50}}
,"/Users/nako/WebstormProjects/github/thefoxfairy/Kokoro/kokoro-web/apps/admin/components/feedback/command-error.ts": {"lines":{"total":2,"covered":2,"skipped":0,"pct":100},"functions":{"total":1,"covered":1,"skipped":0,"pct":100},"statements":{"total":2,"covered":2,"skipped":0,"pct":100},"branches":{"total":0,"covered":0,"skipped":0,"pct":100}}
,"/Users/nako/WebstormProjects/github/thefoxfairy/Kokoro/kokoro-web/apps/admin/components/feedback/page-state.tsx": {"lines":{"total":10,"covered":10,"skipped":0,"pct":100},"functions":{"total":1,"covered":1,"skipped":0,"pct":100},"statements":{"total":10,"covered":10,"skipped":0,"pct":100},"branches":{"total":10,"covered":10,"skipped":0,"pct":100}}
,"/Users/nako/WebstormProjects/github/thefoxfairy/Kokoro/kokoro-web/apps/admin/components/shell/admin-shell.tsx": {"lines":{"total":14,"covered":14,"skipped":0,"pct":100},"functions":{"total":12,"covered":12,"skipped":0,"pct":100},"statements":{"total":22,"covered":22,"skipped":0,"pct":100},"branches":{"total":12,"covered":6,"skipped":0,"pct":50}}
,"/Users/nako/WebstormProjects/github/thefoxfairy/Kokoro/kokoro-web/apps/admin/components/shell/navigation.ts": {"lines":{"total":3,"covered":3,"skipped":0,"pct":100},"functions":{"total":1,"covered":1,"skipped":0,"pct":100},"statements":{"total":3,"covered":3,"skipped":0,"pct":100},"branches":{"total":0,"covered":0,"skipped":0,"pct":100}}
,"/Users/nako/WebstormProjects/github/thefoxfairy/Kokoro/kokoro-web/apps/admin/i18n/context.tsx": {"lines":{"total":22,"covered":20,"skipped":0,"pct":90.9},"functions":{"total":11,"covered":9,"skipped":0,"pct":81.81},"statements":{"total":26,"covered":22,"skipped":0,"pct":84.61},"branches":{"total":10,"covered":7,"skipped":0,"pct":70}}
,"/Users/nako/WebstormProjects/github/thefoxfairy/Kokoro/kokoro-web/apps/admin/i18n/en.ts": {"lines":{"total":1,"covered":1,"skipped":0,"pct":100},"functions":{"total":0,"covered":0,"skipped":0,"pct":100},"statements":{"total":1,"covered":1,"skipped":0,"pct":100},"branches":{"total":0,"covered":0,"skipped":0,"pct":100}}
,"/Users/nako/WebstormProjects/github/thefoxfairy/Kokoro/kokoro-web/apps/admin/i18n/messages.ts": {"lines":{"total":4,"covered":4,"skipped":0,"pct":100},"functions":{"total":0,"covered":0,"skipped":0,"pct":100},"statements":{"total":4,"covered":4,"skipped":0,"pct":100},"branches":{"total":0,"covered":0,"skipped":0,"pct":100}}
,"/Users/nako/WebstormProjects/github/thefoxfairy/Kokoro/kokoro-web/apps/admin/lib/iam-values.ts": {"lines":{"total":2,"covered":2,"skipped":0,"pct":100},"functions":{"total":0,"covered":0,"skipped":0,"pct":100},"statements":{"total":2,"covered":2,"skipped":0,"pct":100},"branches":{"total":0,"covered":0,"skipped":0,"pct":100}}
,"/Users/nako/WebstormProjects/github/thefoxfairy/Kokoro/kokoro-web/apps/admin/lib/theme.ts": {"lines":{"total":2,"covered":2,"skipped":0,"pct":100},"functions":{"total":0,"covered":0,"skipped":0,"pct":100},"statements":{"total":2,"covered":2,"skipped":0,"pct":100},"branches":{"total":0,"covered":0,"skipped":0,"pct":100}}
,"/Users/nako/WebstormProjects/github/thefoxfairy/Kokoro/kokoro-web/apps/admin/modules/iam/registry.ts": {"lines":{"total":1,"covered":1,"skipped":0,"pct":100},"functions":{"total":0,"covered":0,"skipped":0,"pct":100},"statements":{"total":1,"covered":1,"skipped":0,"pct":100},"branches":{"total":0,"covered":0,"skipped":0,"pct":100}}
,"/Users/nako/WebstormProjects/github/thefoxfairy/Kokoro/kokoro-web/apps/admin/modules/iam/access/access-catalog.tsx": {"lines":{"total":16,"covered":14,"skipped":0,"pct":87.5},"functions":{"total":11,"covered":9,"skipped":0,"pct":81.81},"statements":{"total":16,"covered":14,"skipped":0,"pct":87.5},"branches":{"total":20,"covered":14,"skipped":0,"pct":70}}
,"/Users/nako/WebstormProjects/github/thefoxfairy/Kokoro/kokoro-web/apps/admin/modules/iam/access/url.ts": {"lines":{"total":11,"covered":0,"skipped":0,"pct":0},"functions":{"total":1,"covered":0,"skipped":0,"pct":0},"statements":{"total":17,"covered":0,"skipped":0,"pct":0},"branches":{"total":16,"covered":0,"skipped":0,"pct":0}}
,"/Users/nako/WebstormProjects/github/thefoxfairy/Kokoro/kokoro-web/apps/admin/modules/iam/audit/event-table.tsx": {"lines":{"total":15,"covered":13,"skipped":0,"pct":86.66},"functions":{"total":9,"covered":7,"skipped":0,"pct":77.77},"statements":{"total":18,"covered":15,"skipped":0,"pct":83.33},"branches":{"total":13,"covered":11,"skipped":0,"pct":84.61}}
,"/Users/nako/WebstormProjects/github/thefoxfairy/Kokoro/kokoro-web/apps/admin/modules/iam/audit/url.ts": {"lines":{"total":11,"covered":0,"skipped":0,"pct":0},"functions":{"total":1,"covered":0,"skipped":0,"pct":0},"statements":{"total":19,"covered":0,"skipped":0,"pct":0},"branches":{"total":18,"covered":0,"skipped":0,"pct":0}}
,"/Users/nako/WebstormProjects/github/thefoxfairy/Kokoro/kokoro-web/apps/admin/modules/iam/members/member-table.tsx": {"lines":{"total":78,"covered":75,"skipped":0,"pct":96.15},"functions":{"total":26,"covered":23,"skipped":0,"pct":88.46},"statements":{"total":83,"covered":78,"skipped":0,"pct":93.97},"branches":{"total":72,"covered":52,"skipped":0,"pct":72.22}}
,"/Users/nako/WebstormProjects/github/thefoxfairy/Kokoro/kokoro-web/apps/admin/modules/iam/organizations/organization-detail.tsx": {"lines":{"total":38,"covered":36,"skipped":0,"pct":94.73},"functions":{"total":10,"covered":8,"skipped":0,"pct":80},"statements":{"total":40,"covered":37,"skipped":0,"pct":92.5},"branches":{"total":20,"covered":13,"skipped":0,"pct":65}}
,"/Users/nako/WebstormProjects/github/thefoxfairy/Kokoro/kokoro-web/apps/admin/modules/iam/organizations/organization-table.tsx": {"lines":{"total":65,"covered":62,"skipped":0,"pct":95.38},"functions":{"total":20,"covered":17,"skipped":0,"pct":85},"statements":{"total":69,"covered":65,"skipped":0,"pct":94.2},"branches":{"total":53,"covered":45,"skipped":0,"pct":84.9}}
,"/Users/nako/WebstormProjects/github/thefoxfairy/Kokoro/kokoro-web/apps/admin/modules/iam/organizations/schema.ts": {"lines":{"total":9,"covered":9,"skipped":0,"pct":100},"functions":{"total":0,"covered":0,"skipped":0,"pct":100},"statements":{"total":9,"covered":9,"skipped":0,"pct":100},"branches":{"total":0,"covered":0,"skipped":0,"pct":100}}
,"/Users/nako/WebstormProjects/github/thefoxfairy/Kokoro/kokoro-web/apps/admin/modules/iam/organizations/url.ts": {"lines":{"total":13,"covered":0,"skipped":0,"pct":0},"functions":{"total":2,"covered":0,"skipped":0,"pct":0},"statements":{"total":19,"covered":0,"skipped":0,"pct":0},"branches":{"total":18,"covered":0,"skipped":0,"pct":0}}
,"/Users/nako/WebstormProjects/github/thefoxfairy/Kokoro/kokoro-web/apps/admin/modules/iam/overview/overview.tsx": {"lines":{"total":5,"covered":5,"skipped":0,"pct":100},"functions":{"total":2,"covered":2,"skipped":0,"pct":100},"statements":{"total":5,"covered":5,"skipped":0,"pct":100},"branches":{"total":4,"covered":3,"skipped":0,"pct":75}}
,"/Users/nako/WebstormProjects/github/thefoxfairy/Kokoro/kokoro-web/apps/admin/modules/iam/sessions/session-table.tsx": {"lines":{"total":25,"covered":18,"skipped":0,"pct":72},"functions":{"total":11,"covered":7,"skipped":0,"pct":63.63},"statements":{"total":26,"covered":18,"skipped":0,"pct":69.23},"branches":{"total":34,"covered":21,"skipped":0,"pct":61.76}}
,"/Users/nako/WebstormProjects/github/thefoxfairy/Kokoro/kokoro-web/apps/admin/modules/iam/sessions/url.ts": {"lines":{"total":5,"covered":0,"skipped":0,"pct":0},"functions":{"total":1,"covered":0,"skipped":0,"pct":0},"statements":{"total":7,"covered":0,"skipped":0,"pct":0},"branches":{"total":6,"covered":0,"skipped":0,"pct":0}}
,"/Users/nako/WebstormProjects/github/thefoxfairy/Kokoro/kokoro-web/apps/admin/modules/iam/users/url.ts": {"lines":{"total":7,"covered":0,"skipped":0,"pct":0},"functions":{"total":1,"covered":0,"skipped":0,"pct":0},"statements":{"total":10,"covered":0,"skipped":0,"pct":0},"branches":{"total":8,"covered":0,"skipped":0,"pct":0}}
,"/Users/nako/WebstormProjects/github/thefoxfairy/Kokoro/kokoro-web/apps/admin/modules/iam/users/user-table.tsx": {"lines":{"total":30,"covered":27,"skipped":0,"pct":90},"functions":{"total":12,"covered":9,"skipped":0,"pct":75},"statements":{"total":31,"covered":27,"skipped":0,"pct":87.09},"branches":{"total":29,"covered":20,"skipped":0,"pct":68.96}}
}
