<?xml version="1.0" encoding="UTF-8" ?>
<testsuites name="vitest tests" tests="28" failures="0" errors="0" time="11.91412446">
    <testsuite name="test/component/access.test.tsx" timestamp="2026-08-16T15:16:15.583Z" hostname="nakodeMacBook-Pro.local" tests="2" failures="0" errors="0" skipped="0" time="0.683659833">
        <testcase classname="test/component/access.test.tsx" name="IAM live Access inspection &gt; WEB-COMP-ACCESS-001 renders provider Role and Permission catalogs with a live allow result" time="0.600867083">
        </testcase>
        <testcase classname="test/component/access.test.tsx" name="IAM live Access inspection &gt; WEB-COMP-ACCESS-001 renders a provider deny result without client reinterpretation" time="0.081917917">
        </testcase>
    </testsuite>
    <testsuite name="test/component/admin-shell.test.tsx" timestamp="2026-08-16T15:16:15.584Z" hostname="nakodeMacBook-Pro.local" tests="1" failures="0" errors="0" skipped="0" time="0.53977575">
        <testcase classname="test/component/admin-shell.test.tsx" name="compact IAM control-plane shell &gt; WEB-COMP-SHELL-001 renders only executable IAM routes and safe administrator identity" time="0.539052167">
        </testcase>
    </testsuite>
    <testsuite name="test/component/audit.test.tsx" timestamp="2026-08-16T15:16:15.584Z" hostname="nakodeMacBook-Pro.local" tests="2" failures="0" errors="0" skipped="0" time="0.575128459">
        <testcase classname="test/component/audit.test.tsx" name="IAM SecurityEvent ledger &gt; WEB-COMP-AUDIT-001 renders exact filters correlation safe metadata and pagination" time="0.548471375">
        </testcase>
        <testcase classname="test/component/audit.test.tsx" name="IAM SecurityEvent ledger &gt; WEB-COMP-AUDIT-001 distinguishes a filtered empty result" time="0.0253115">
        </testcase>
    </testsuite>
    <testsuite name="test/component/command-dialog.test.tsx" timestamp="2026-08-16T15:16:15.584Z" hostname="nakodeMacBook-Pro.local" tests="2" failures="0" errors="0" skipped="0" time="0.36301">
        <testcase classname="test/component/command-dialog.test.tsx" name="IAM command confirmation &gt; WEB-COMP-A11Y-001 requires a reason and submits one explicit confirmed command" time="0.280826416">
        </testcase>
        <testcase classname="test/component/command-dialog.test.tsx" name="IAM command confirmation &gt; WEB-UNIT-COMMAND-001 freezes the reason after the first RPC attempt" time="0.080804958">
        </testcase>
    </testsuite>
    <testsuite name="test/component/login.test.tsx" timestamp="2026-08-16T15:16:15.584Z" hostname="nakodeMacBook-Pro.local" tests="2" failures="0" errors="0" skipped="0" time="0.148643208">
        <testcase classname="test/component/login.test.tsx" name="public Admin authentication UI &gt; WEB-COMP-LOGIN-001 renders a labelled email form with one primary command" time="0.138321542">
        </testcase>
        <testcase classname="test/component/login.test.tsx" name="public Admin authentication UI &gt; WEB-COMP-LOGIN-001 renders one uniform callback verification state for every public error" time="0.009540917">
        </testcase>
    </testsuite>
    <testsuite name="test/component/members.test.tsx" timestamp="2026-08-16T15:16:15.584Z" hostname="nakodeMacBook-Pro.local" tests="5" failures="0" errors="0" skipped="0" time="4.01273825">
        <testcase classname="test/component/members.test.tsx" name="IAM Member management &gt; WEB-COMP-MEMBER-001 adds an active User with a provider-owned built-in role" time="0.635104208">
        </testcase>
        <testcase classname="test/component/members.test.tsx" name="IAM Member management &gt; WEB-COMP-MEMBER-001 changes role with expected version and supports the complete active lifecycle" time="1.758577583">
        </testcase>
        <testcase classname="test/component/members.test.tsx" name="IAM Member management &gt; WEB-COMP-MEMBER-001 displays IAM last-owner rejection and keeps authoritative controls" time="1.03759875">
        </testcase>
        <testcase classname="test/component/members.test.tsx" name="IAM Member management &gt; WEB-UNIT-COMMAND-001 freezes AddMember payload and rotates only requestId on recovery" time="0.155420625">
        </testcase>
        <testcase classname="test/component/members.test.tsx" name="IAM Member management &gt; WEB-UNIT-COMMAND-001 freezes role change payload and identity on recovery" time="0.424472083">
        </testcase>
    </testsuite>
    <testsuite name="test/component/organizations.test.tsx" timestamp="2026-08-16T15:16:15.585Z" hostname="nakodeMacBook-Pro.local" tests="6" failures="0" errors="0" skipped="0" time="1.948484792">
        <testcase classname="test/component/organizations.test.tsx" name="IAM Organization management &gt; WEB-COMP-ORG-001 validates and submits Organization creation without inventing an identifier" time="0.634620584">
        </testcase>
        <testcase classname="test/component/organizations.test.tsx" name="IAM Organization management &gt; WEB-COMP-ORG-001 preserves URL filters and exposes authoritative lifecycle controls" time="0.365331083">
        </testcase>
        <testcase classname="test/component/organizations.test.tsx" name="IAM Organization management &gt; WEB-COMP-ORG-001 exposes restore only for a deleted Organization" time="0.247319541">
        </testcase>
        <testcase classname="test/component/organizations.test.tsx" name="IAM Organization management &gt; WEB-UNIT-COMMAND-001 freezes CreateOrganization payload after the first RPC attempt" time="0.168082458">
        </testcase>
        <testcase classname="test/component/organizations.test.tsx" name="IAM Organization management &gt; WEB-COMP-ORG-001 keeps lifecycle errors visible inside the active dialog" time="0.302471708">
        </testcase>
        <testcase classname="test/component/organizations.test.tsx" name="IAM Organization management &gt; WEB-UNIT-COMMAND-001 freezes UpdateOrganization payload on recovery" time="0.229189917">
        </testcase>
    </testsuite>
    <testsuite name="test/component/overview.test.tsx" timestamp="2026-08-16T15:16:15.585Z" hostname="nakodeMacBook-Pro.local" tests="2" failures="0" errors="0" skipped="0" time="0.328147917">
        <testcase classname="test/component/overview.test.tsx" name="IAM operational overview &gt; WEB-COMP-OVERVIEW-001 renders readiness and the latest real events without fabricated totals" time="0.292565083">
        </testcase>
        <testcase classname="test/component/overview.test.tsx" name="IAM operational overview &gt; WEB-COMP-STATE-001 renders unavailable and malformed states distinctly" time="0.034763292">
        </testcase>
    </testsuite>
    <testsuite name="test/component/page-state.test.tsx" timestamp="2026-08-16T15:16:15.585Z" hostname="nakodeMacBook-Pro.local" tests="1" failures="0" errors="0" skipped="0" time="0.199872208">
        <testcase classname="test/component/page-state.test.tsx" name="shared IAM page states &gt; WEB-COMP-STATE-001 renders every non-happy state as a stable announced region" time="0.198975917">
        </testcase>
    </testsuite>
    <testsuite name="test/component/sessions.test.tsx" timestamp="2026-08-16T15:16:15.585Z" hostname="nakodeMacBook-Pro.local" tests="2" failures="0" errors="0" skipped="0" time="0.766445709">
        <testcase classname="test/component/sessions.test.tsx" name="IAM Session management &gt; WEB-COMP-SESSION-001 renders token-free sessions and confirms one revocation" time="0.724432541">
        </testcase>
        <testcase classname="test/component/sessions.test.tsx" name="IAM Session management &gt; WEB-COMP-SESSION-001 offers revoke-all only for a user-scoped inventory" time="0.04105925">
        </testcase>
    </testsuite>
    <testsuite name="test/component/users.test.tsx" timestamp="2026-08-16T15:16:15.585Z" hostname="nakodeMacBook-Pro.local" tests="3" failures="0" errors="0" skipped="0" time="2.348218334">
        <testcase classname="test/component/users.test.tsx" name="IAM User management &gt; WEB-COMP-USER-001 renders authoritative filters and submits a versioned lifecycle command" time="1.054493125">
        </testcase>
        <testcase classname="test/component/users.test.tsx" name="IAM User management &gt; WEB-COMP-USER-001 exposes restore only for deleted records" time="0.69740325">
        </testcase>
        <testcase classname="test/component/users.test.tsx" name="IAM User management &gt; WEB-COMP-USER-001 presents safe action kinds as localized operator feedback" time="0.595493541">
        </testcase>
    </testsuite>
</testsuites>
