<?xml version="1.0" encoding="UTF-8" ?>
<testsuites name="vitest tests" tests="25" failures="0" errors="0" time="0.988580334">
    <testsuite name="test/contract/build-boundary.test.ts" timestamp="2026-08-16T15:16:16.968Z" hostname="nakodeMacBook-Pro.local" tests="2" failures="0" errors="0" skipped="0" time="0.013679167">
        <testcase classname="test/contract/build-boundary.test.ts" name="Admin production build boundary &gt; WEB-CONTRACT-BUILD-001 accepts the exact route inventory and portable server bundle" time="0.010433833">
        </testcase>
        <testcase classname="test/contract/build-boundary.test.ts" name="Admin production build boundary &gt; WEB-CONTRACT-BUILD-001 rejects old routes sibling paths database code and generated IAM in client chunks" time="0.002237291">
        </testcase>
    </testsuite>
    <testsuite name="test/contract/catalog.test.ts" timestamp="2026-08-16T15:16:16.968Z" hostname="nakodeMacBook-Pro.local" tests="2" failures="0" errors="0" skipped="0" time="0.047391167">
        <testcase classname="test/contract/catalog.test.ts" name="Admin Web P0 catalog &gt; WEB-CONTRACT-CATALOG-001 has one unique classified entry for every initial case" time="0.02416875">
        </testcase>
        <testcase classname="test/contract/catalog.test.ts" name="Admin Web P0 catalog &gt; WEB-CONTRACT-CATALOG-001 maps every product requirement and acceptance criterion" time="0.022115416">
        </testcase>
    </testsuite>
    <testsuite name="test/contract/generated-services.test.ts" timestamp="2026-08-16T15:16:16.968Z" hostname="nakodeMacBook-Pro.local" tests="7" failures="0" errors="0" skipped="0" time="0.007572125">
        <testcase classname="test/contract/generated-services.test.ts" name="generated IAM service inventory &gt; WEB-CONTRACT-RPC-001 exposes all fourteen Auth.js Adapter methods" time="0.001114208">
        </testcase>
        <testcase classname="test/contract/generated-services.test.ts" name="generated IAM service inventory &gt; WEB-CONTRACT-RPC-001 exposes every accepted administration method" time="0.000099375">
        </testcase>
        <testcase classname="test/contract/generated-services.test.ts" name="generated IAM service inventory &gt; WEB-CONTRACT-RPC-001 exposes every accepted organization method" time="0.000078458">
        </testcase>
        <testcase classname="test/contract/generated-services.test.ts" name="generated IAM service inventory &gt; WEB-CONTRACT-RPC-001 exposes every accepted authorization and Session method" time="0.000082625">
        </testcase>
        <testcase classname="test/contract/generated-services.test.ts" name="generated IAM service inventory &gt; WEB-CONTRACT-RPC-001 binds every non-add Member mutation to the exact Organization field" time="0.0001955">
        </testcase>
        <testcase classname="test/contract/generated-services.test.ts" name="generated IAM service inventory &gt; WEB-CONTRACT-RPC-001 keeps administrative Session records token-free" time="0.000434625">
        </testcase>
        <testcase classname="test/contract/generated-services.test.ts" name="generated IAM service inventory &gt; WEB-CONTRACT-PROTO-001 contains only generated portable TypeScript" time="0.004688875">
        </testcase>
    </testsuite>
    <testsuite name="test/contract/hard-cut-boundary.test.ts" timestamp="2026-08-16T15:16:16.969Z" hostname="nakodeMacBook-Pro.local" tests="3" failures="0" errors="0" skipped="0" time="0.007599958">
        <testcase classname="test/contract/hard-cut-boundary.test.ts" name="Admin hard authority cut &gt; WEB-CONTRACT-BOUNDARY-001 removes every legacy authority route and compatibility file" time="0.005295792">
        </testcase>
        <testcase classname="test/contract/hard-cut-boundary.test.ts" name="Admin hard authority cut &gt; WEB-CONTRACT-TOOLS-001 removes Prisma Radix shadcn and gateway scripts from package ownership" time="0.001117708">
        </testcase>
        <testcase classname="test/contract/hard-cut-boundary.test.ts" name="Admin hard authority cut &gt; WEB-CONTRACT-BOUNDARY-001 leaves no runtime database gateway rewrite or JWT authority" time="0.000329666">
        </testcase>
    </testsuite>
    <testsuite name="test/contract/i18n-completeness.test.ts" timestamp="2026-08-16T15:16:16.969Z" hostname="nakodeMacBook-Pro.local" tests="1" failures="0" errors="0" skipped="0" time="0.005999375">
        <testcase classname="test/contract/i18n-completeness.test.ts" name="Admin control-plane dictionaries &gt; WEB-CONTRACT-I18N-001 has exact complete non-empty Chinese and English key sets" time="0.005073458">
        </testcase>
    </testsuite>
    <testsuite name="test/contract/provider-snapshot.test.ts" timestamp="2026-08-16T15:16:16.969Z" hostname="nakodeMacBook-Pro.local" tests="2" failures="0" errors="0" skipped="0" time="0.015411709">
        <testcase classname="test/contract/provider-snapshot.test.ts" name="frozen IAM provider snapshot &gt; WEB-CONTRACT-PROTO-001 records the exact accepted IAM candidate without a sibling path" time="0.003380666">
        </testcase>
        <testcase classname="test/contract/provider-snapshot.test.ts" name="frozen IAM provider snapshot &gt; WEB-CONTRACT-PROTO-001 verifies every vendored descriptor byte" time="0.010789667">
        </testcase>
    </testsuite>
    <testsuite name="test/contract/runtime-listener.test.ts" timestamp="2026-08-16T15:16:16.969Z" hostname="nakodeMacBook-Pro.local" tests="3" failures="0" errors="0" skipped="0" time="0.041803291">
        <testcase classname="test/contract/runtime-listener.test.ts" name="Admin runtime evidence and generated listener &gt; WEB-CONTRACT-RUNTIME-001 calls a real generated ConnectRPC listener" time="0.014829792">
        </testcase>
        <testcase classname="test/contract/runtime-listener.test.ts" name="Admin runtime evidence and generated listener &gt; WEB-CONTRACT-RUNTIME-001 records local UTC duration exit and separate command logs" time="0.0243035">
        </testcase>
        <testcase classname="test/contract/runtime-listener.test.ts" name="Admin runtime evidence and generated listener &gt; WEB-CONTRACT-RUNTIME-001 maps executed case IDs and reports pending or unclassified assertions" time="0.001938083">
        </testcase>
    </testsuite>
    <testsuite name="test/contract/server-boundary.test.ts" timestamp="2026-08-16T15:16:16.969Z" hostname="nakodeMacBook-Pro.local" tests="2" failures="0" errors="0" skipped="0" time="0.195634917">
        <testcase classname="test/contract/server-boundary.test.ts" name="Admin server-only IAM boundary &gt; WEB-CONTRACT-BOUNDARY-001 marks every handwritten server module as server-only" time="0.003516166">
        </testcase>
        <testcase classname="test/contract/server-boundary.test.ts" name="Admin server-only IAM boundary &gt; WEB-CONTRACT-BOUNDARY-001 keeps Node IAM SQL Prisma and secret names out of Client Components" time="0.191288583">
        </testcase>
    </testsuite>
    <testsuite name="test/contract/toolchain-boundary.test.ts" timestamp="2026-08-16T15:16:16.970Z" hostname="nakodeMacBook-Pro.local" tests="3" failures="0" errors="0" skipped="0" time="0.653488625">
        <testcase classname="test/contract/toolchain-boundary.test.ts" name="Admin Web toolchain boundary &gt; WEB-CONTRACT-TOOLS-001 loads the native Next flat config through ESLint" time="0.650737083">
        </testcase>
        <testcase classname="test/contract/toolchain-boundary.test.ts" name="Admin Web toolchain boundary &gt; WEB-CONTRACT-TOOLS-001 exposes every classified gate" time="0.001147458">
        </testcase>
        <testcase classname="test/contract/toolchain-boundary.test.ts" name="Admin Web toolchain boundary &gt; WEB-CONTRACT-TOOLS-001 pins every external Admin dependency exactly" time="0.000714042">
        </testcase>
    </testsuite>
</testsuites>
