<?xml version="1.0" encoding="UTF-8" ?>
<testsuites name="vitest tests" tests="20" failures="0" errors="0" time="0.111696502">
    <testsuite name="test/security/audit-metadata.test.ts" timestamp="2026-08-16T15:16:18.828Z" hostname="nakodeMacBook-Pro.local" tests="2" failures="0" errors="0" skipped="0" time="0.003285125">
        <testcase classname="test/security/audit-metadata.test.ts" name="SecurityEvent metadata projection &gt; WEB-SEC-METADATA-001 exposes only validated allowlisted metadata" time="0.002373583">
        </testcase>
        <testcase classname="test/security/audit-metadata.test.ts" name="SecurityEvent metadata projection &gt; WEB-SEC-METADATA-001 hides malformed oversized and secret-bearing metadata as a whole" time="0.000166959">
        </testcase>
    </testsuite>
    <testsuite name="test/security/enumeration.test.ts" timestamp="2026-08-16T15:16:18.828Z" hostname="nakodeMacBook-Pro.local" tests="2" failures="0" errors="0" skipped="0" time="0.02368275">
        <testcase classname="test/security/enumeration.test.ts" name="Magic Link request enumeration resistance &gt; WEB-SEC-ENUM-001 gives active unknown suspended and deleted identities one public result" time="0.016805208">
        </testcase>
        <testcase classname="test/security/enumeration.test.ts" name="Magic Link request enumeration resistance &gt; WEB-SEC-ENUM-001 sends unusable callbacks to the same safe state without creating Sessions" time="0.006125375">
        </testcase>
    </testsuite>
    <testsuite name="test/security/headers.test.ts" timestamp="2026-08-16T15:16:18.829Z" hostname="nakodeMacBook-Pro.local" tests="1" failures="0" errors="0" skipped="0" time="0.002448416">
        <testcase classname="test/security/headers.test.ts" name="Admin browser response headers &gt; WEB-SEC-HEADER-001 applies the complete security header set without a gateway rewrite" time="0.001531416">
        </testcase>
    </testsuite>
    <testsuite name="test/security/hostile-input.test.ts" timestamp="2026-08-16T15:16:18.829Z" hostname="nakodeMacBook-Pro.local" tests="1" failures="0" errors="0" skipped="0" time="0.004284833">
        <testcase classname="test/security/hostile-input.test.ts" name="Admin hostile boundary inputs &gt; WEB-SEC-INPUT-001 rejects control characters unknown keys and oversized commands" time="0.00360975">
        </testcase>
    </testsuite>
    <testsuite name="test/security/last-owner.test.ts" timestamp="2026-08-16T15:16:18.829Z" hostname="nakodeMacBook-Pro.local" tests="1" failures="0" errors="0" skipped="0" time="0.017355584">
        <testcase classname="test/security/last-owner.test.ts" name="IAM last-owner preservation &gt; WEB-SEC-OWNER-001 preserves concurrent provider rejection for demote suspend and remove" time="0.016588333">
        </testcase>
    </testsuite>
    <testsuite name="test/security/production-bundle.test.ts" timestamp="2026-08-16T15:16:18.829Z" hostname="nakodeMacBook-Pro.local" tests="1" failures="0" errors="0" skipped="0" time="0.02165375">
        <testcase classname="test/security/production-bundle.test.ts" name="Admin production bundle secret boundary &gt; WEB-SEC-SECRET-001 finds exact generated secret values in server and browser artifacts" time="0.02058975">
        </testcase>
    </testsuite>
    <testsuite name="test/security/redirect-policy.test.ts" timestamp="2026-08-16T15:16:18.829Z" hostname="nakodeMacBook-Pro.local" tests="5" failures="0" errors="0" skipped="0" time="0.006904209">
        <testcase classname="test/security/redirect-policy.test.ts" name="Auth.js callback and return URL policy &gt; WEB-SEC-REDIRECT-001 allows only explicit relative control-plane routes" time="0.001086708">
        </testcase>
        <testcase classname="test/security/redirect-policy.test.ts" name="Auth.js callback and return URL policy &gt; WEB-SEC-REDIRECT-001 rejects absolute cross-origin scheme-relative and credential URLs" time="0.00012225">
        </testcase>
        <testcase classname="test/security/redirect-policy.test.ts" name="Auth.js callback and return URL policy &gt; WEB-SEC-REDIRECT-001 rejects encoded separators backslashes traversal fragments and unknown routes" time="0.000127541">
        </testcase>
        <testcase classname="test/security/redirect-policy.test.ts" name="Auth.js callback and return URL policy &gt; WEB-SEC-REDIRECT-001 fails closed when the configured base URL is not a canonical HTTPS origin" time="0.001838834">
        </testcase>
        <testcase classname="test/security/redirect-policy.test.ts" name="Auth.js callback and return URL policy &gt; WEB-SEC-REDIRECT-001 admits only the configured route host and same-origin POST" time="0.003016833">
        </testcase>
    </testsuite>
    <testsuite name="test/security/route-authorization.test.ts" timestamp="2026-08-16T15:16:18.830Z" hostname="nakodeMacBook-Pro.local" tests="1" failures="0" errors="0" skipped="0" time="0.003273334">
        <testcase classname="test/security/route-authorization.test.ts" name="protected Admin route authorization &gt; WEB-SEC-ROUTE-001 rejects absent stale and non-admin sessions before cookie or IAM access" time="0.002579916">
        </testcase>
    </testsuite>
    <testsuite name="test/security/secret-leakage.test.ts" timestamp="2026-08-16T15:16:18.830Z" hostname="nakodeMacBook-Pro.local" tests="3" failures="0" errors="0" skipped="0" time="0.003666459">
        <testcase classname="test/security/secret-leakage.test.ts" name="Admin secret leakage boundary &gt; WEB-SEC-SECRET-001 serializes only the structured safe log allowlist" time="0.002105875">
        </testcase>
        <testcase classname="test/security/secret-leakage.test.ts" name="Admin secret leakage boundary &gt; WEB-SEC-SECRET-001 rejects extra raw message and secret-bearing fields without reflecting them" time="0.000518375">
        </testcase>
        <testcase classname="test/security/secret-leakage.test.ts" name="Admin secret leakage boundary &gt; WEB-SEC-SECRET-001 allowlists Auth.js error type without serializing its message or cause" time="0.000248417">
        </testcase>
    </testsuite>
    <testsuite name="test/security/tenant-isolation.test.ts" timestamp="2026-08-16T15:16:18.830Z" hostname="nakodeMacBook-Pro.local" tests="3" failures="0" errors="0" skipped="0" time="0.025142042">
        <testcase classname="test/security/tenant-isolation.test.ts" name="IAM tenant isolation &gt; WEB-SEC-TENANT-001 detects a foreign Member response and refuses authoritative revalidation" time="0.015170291">
        </testcase>
        <testcase classname="test/security/tenant-isolation.test.ts" name="IAM tenant isolation &gt; WEB-SEC-TENANT-001 rejects a successful Organization command response for another target" time="0.001076458">
        </testcase>
        <testcase classname="test/security/tenant-isolation.test.ts" name="IAM tenant isolation &gt; WEB-SEC-TENANT-001 rejects cross-organization records at the Web view-model boundary" time="0.008111541">
        </testcase>
    </testsuite>
</testsuites>
