{"total": {"lines":{"total":871,"covered":575,"skipped":0,"pct":66.01},"statements":{"total":957,"covered":607,"skipped":0,"pct":63.42},"functions":{"total":246,"covered":128,"skipped":0,"pct":52.03},"branches":{"total":786,"covered":387,"skipped":0,"pct":49.23},"branchesTrue":{"total":0,"covered":0,"skipped":0,"pct":100}}
,"/Users/nako/WebstormProjects/github/thefoxfairy/Kokoro/kokoro-web/apps/admin/next.config.ts": {"lines":{"total":4,"covered":4,"skipped":0,"pct":100},"functions":{"total":1,"covered":1,"skipped":0,"pct":100},"statements":{"total":4,"covered":4,"skipped":0,"pct":100},"branches":{"total":0,"covered":0,"skipped":0,"pct":100}}
,"/Users/nako/WebstormProjects/github/thefoxfairy/Kokoro/kokoro-web/apps/admin/generated/iam/proto/buf/validate/validate_pb.ts": {"lines":{"total":47,"covered":47,"skipped":0,"pct":100},"functions":{"total":2,"covered":2,"skipped":0,"pct":100},"statements":{"total":47,"covered":47,"skipped":0,"pct":100},"branches":{"total":0,"covered":0,"skipped":0,"pct":100}}
,"/Users/nako/WebstormProjects/github/thefoxfairy/Kokoro/kokoro-web/apps/admin/generated/iam/proto/kokoro/common/v1/error_pb.ts": {"lines":{"total":2,"covered":2,"skipped":0,"pct":100},"functions":{"total":0,"covered":0,"skipped":0,"pct":100},"statements":{"total":2,"covered":2,"skipped":0,"pct":100},"branches":{"total":0,"covered":0,"skipped":0,"pct":100}}
,"/Users/nako/WebstormProjects/github/thefoxfairy/Kokoro/kokoro-web/apps/admin/generated/iam/proto/kokoro/iam/v1/administration_pb.ts": {"lines":{"total":22,"covered":22,"skipped":0,"pct":100},"functions":{"total":0,"covered":0,"skipped":0,"pct":100},"statements":{"total":22,"covered":22,"skipped":0,"pct":100},"branches":{"total":0,"covered":0,"skipped":0,"pct":100}}
,"/Users/nako/WebstormProjects/github/thefoxfairy/Kokoro/kokoro-web/apps/admin/generated/iam/proto/kokoro/iam/v1/auth_adapter_pb.ts": {"lines":{"total":30,"covered":30,"skipped":0,"pct":100},"functions":{"total":0,"covered":0,"skipped":0,"pct":100},"statements":{"total":30,"covered":30,"skipped":0,"pct":100},"branches":{"total":0,"covered":0,"skipped":0,"pct":100}}
,"/Users/nako/WebstormProjects/github/thefoxfairy/Kokoro/kokoro-web/apps/admin/generated/iam/proto/kokoro/iam/v1/authorization_pb.ts": {"lines":{"total":10,"covered":10,"skipped":0,"pct":100},"functions":{"total":0,"covered":0,"skipped":0,"pct":100},"statements":{"total":10,"covered":10,"skipped":0,"pct":100},"branches":{"total":0,"covered":0,"skipped":0,"pct":100}}
,"/Users/nako/WebstormProjects/github/thefoxfairy/Kokoro/kokoro-web/apps/admin/generated/iam/proto/kokoro/iam/v1/organization_pb.ts": {"lines":{"total":28,"covered":28,"skipped":0,"pct":100},"functions":{"total":0,"covered":0,"skipped":0,"pct":100},"statements":{"total":28,"covered":28,"skipped":0,"pct":100},"branches":{"total":0,"covered":0,"skipped":0,"pct":100}}
,"/Users/nako/WebstormProjects/github/thefoxfairy/Kokoro/kokoro-web/apps/admin/generated/iam/proto/kokoro/iam/v1/session_pb.ts": {"lines":{"total":10,"covered":10,"skipped":0,"pct":100},"functions":{"total":0,"covered":0,"skipped":0,"pct":100},"statements":{"total":10,"covered":10,"skipped":0,"pct":100},"branches":{"total":0,"covered":0,"skipped":0,"pct":100}}
,"/Users/nako/WebstormProjects/github/thefoxfairy/Kokoro/kokoro-web/apps/admin/generated/iam/proto/kokoro/iam/v1/types_pb.ts": {"lines":{"total":14,"covered":14,"skipped":0,"pct":100},"functions":{"total":0,"covered":0,"skipped":0,"pct":100},"statements":{"total":14,"covered":14,"skipped":0,"pct":100},"branches":{"total":0,"covered":0,"skipped":0,"pct":100}}
,"/Users/nako/WebstormProjects/github/thefoxfairy/Kokoro/kokoro-web/apps/admin/lib/iam-values.ts": {"lines":{"total":2,"covered":2,"skipped":0,"pct":100},"functions":{"total":0,"covered":0,"skipped":0,"pct":100},"statements":{"total":2,"covered":2,"skipped":0,"pct":100},"branches":{"total":0,"covered":0,"skipped":0,"pct":100}}
,"/Users/nako/WebstormProjects/github/thefoxfairy/Kokoro/kokoro-web/apps/admin/modules/iam/access/query.ts": {"lines":{"total":42,"covered":28,"skipped":0,"pct":66.66},"functions":{"total":14,"covered":7,"skipped":0,"pct":50},"statements":{"total":46,"covered":30,"skipped":0,"pct":65.21},"branches":{"total":96,"covered":58,"skipped":0,"pct":60.41}}
,"/Users/nako/WebstormProjects/github/thefoxfairy/Kokoro/kokoro-web/apps/admin/modules/iam/access/schema.ts": {"lines":{"total":1,"covered":1,"skipped":0,"pct":100},"functions":{"total":0,"covered":0,"skipped":0,"pct":100},"statements":{"total":1,"covered":1,"skipped":0,"pct":100},"branches":{"total":0,"covered":0,"skipped":0,"pct":100}}
,"/Users/nako/WebstormProjects/github/thefoxfairy/Kokoro/kokoro-web/apps/admin/modules/iam/audit/query.ts": {"lines":{"total":33,"covered":26,"skipped":0,"pct":78.78},"functions":{"total":11,"covered":9,"skipped":0,"pct":81.81},"statements":{"total":42,"covered":33,"skipped":0,"pct":78.57},"branches":{"total":61,"covered":36,"skipped":0,"pct":59.01}}
,"/Users/nako/WebstormProjects/github/thefoxfairy/Kokoro/kokoro-web/apps/admin/modules/iam/audit/schema.ts": {"lines":{"total":1,"covered":1,"skipped":0,"pct":100},"functions":{"total":0,"covered":0,"skipped":0,"pct":100},"statements":{"total":1,"covered":1,"skipped":0,"pct":100},"branches":{"total":0,"covered":0,"skipped":0,"pct":100}}
,"/Users/nako/WebstormProjects/github/thefoxfairy/Kokoro/kokoro-web/apps/admin/modules/iam/members/actions.ts": {"lines":{"total":27,"covered":17,"skipped":0,"pct":62.96},"functions":{"total":4,"covered":3,"skipped":0,"pct":75},"statements":{"total":29,"covered":17,"skipped":0,"pct":58.62},"branches":{"total":26,"covered":9,"skipped":0,"pct":34.61}}
,"/Users/nako/WebstormProjects/github/thefoxfairy/Kokoro/kokoro-web/apps/admin/modules/iam/members/schema.ts": {"lines":{"total":3,"covered":3,"skipped":0,"pct":100},"functions":{"total":0,"covered":0,"skipped":0,"pct":100},"statements":{"total":3,"covered":3,"skipped":0,"pct":100},"branches":{"total":0,"covered":0,"skipped":0,"pct":100}}
,"/Users/nako/WebstormProjects/github/thefoxfairy/Kokoro/kokoro-web/apps/admin/modules/iam/organizations/actions.ts": {"lines":{"total":25,"covered":15,"skipped":0,"pct":60},"functions":{"total":4,"covered":3,"skipped":0,"pct":75},"statements":{"total":27,"covered":15,"skipped":0,"pct":55.55},"branches":{"total":22,"covered":7,"skipped":0,"pct":31.81}}
,"/Users/nako/WebstormProjects/github/thefoxfairy/Kokoro/kokoro-web/apps/admin/modules/iam/organizations/query.ts": {"lines":{"total":48,"covered":23,"skipped":0,"pct":47.91},"functions":{"total":18,"covered":6,"skipped":0,"pct":33.33},"statements":{"total":57,"covered":27,"skipped":0,"pct":47.36},"branches":{"total":75,"covered":24,"skipped":0,"pct":32}}
,"/Users/nako/WebstormProjects/github/thefoxfairy/Kokoro/kokoro-web/apps/admin/modules/iam/organizations/schema.ts": {"lines":{"total":9,"covered":9,"skipped":0,"pct":100},"functions":{"total":0,"covered":0,"skipped":0,"pct":100},"statements":{"total":9,"covered":9,"skipped":0,"pct":100},"branches":{"total":0,"covered":0,"skipped":0,"pct":100}}
,"/Users/nako/WebstormProjects/github/thefoxfairy/Kokoro/kokoro-web/apps/admin/scripts/test/evidence.ts": {"lines":{"total":48,"covered":6,"skipped":0,"pct":12.5},"functions":{"total":15,"covered":1,"skipped":0,"pct":6.66},"statements":{"total":51,"covered":7,"skipped":0,"pct":13.72},"branches":{"total":9,"covered":2,"skipped":0,"pct":22.22}}
,"/Users/nako/WebstormProjects/github/thefoxfairy/Kokoro/kokoro-web/apps/admin/scripts/test/production-boundary.ts": {"lines":{"total":41,"covered":32,"skipped":0,"pct":78.04},"functions":{"total":11,"covered":9,"skipped":0,"pct":81.81},"statements":{"total":55,"covered":38,"skipped":0,"pct":69.09},"branches":{"total":35,"covered":16,"skipped":0,"pct":45.71}}
,"/Users/nako/WebstormProjects/github/thefoxfairy/Kokoro/kokoro-web/apps/admin/server/auth/adapter.ts": {"lines":{"total":16,"covered":5,"skipped":0,"pct":31.25},"functions":{"total":15,"covered":4,"skipped":0,"pct":26.66},"statements":{"total":16,"covered":5,"skipped":0,"pct":31.25},"branches":{"total":0,"covered":0,"skipped":0,"pct":100}}
,"/Users/nako/WebstormProjects/github/thefoxfairy/Kokoro/kokoro-web/apps/admin/server/auth/cookie.ts": {"lines":{"total":4,"covered":2,"skipped":0,"pct":50},"functions":{"total":2,"covered":1,"skipped":0,"pct":50},"statements":{"total":4,"covered":2,"skipped":0,"pct":50},"branches":{"total":6,"covered":1,"skipped":0,"pct":16.66}}
,"/Users/nako/WebstormProjects/github/thefoxfairy/Kokoro/kokoro-web/apps/admin/server/auth/options.ts": {"lines":{"total":9,"covered":7,"skipped":0,"pct":77.77},"functions":{"total":7,"covered":6,"skipped":0,"pct":85.71},"statements":{"total":11,"covered":8,"skipped":0,"pct":72.72},"branches":{"total":13,"covered":10,"skipped":0,"pct":76.92}}
,"/Users/nako/WebstormProjects/github/thefoxfairy/Kokoro/kokoro-web/apps/admin/server/auth/redirect.ts": {"lines":{"total":24,"covered":23,"skipped":0,"pct":95.83},"functions":{"total":3,"covered":3,"skipped":0,"pct":100},"statements":{"total":27,"covered":26,"skipped":0,"pct":96.29},"branches":{"total":40,"covered":37,"skipped":0,"pct":92.5}}
,"/Users/nako/WebstormProjects/github/thefoxfairy/Kokoro/kokoro-web/apps/admin/server/auth/route.ts": {"lines":{"total":23,"covered":21,"skipped":0,"pct":91.3},"functions":{"total":6,"covered":6,"skipped":0,"pct":100},"statements":{"total":26,"covered":23,"skipped":0,"pct":88.46},"branches":{"total":23,"covered":22,"skipped":0,"pct":95.65}}
,"/Users/nako/WebstormProjects/github/thefoxfairy/Kokoro/kokoro-web/apps/admin/server/auth/session-boundary.ts": {"lines":{"total":12,"covered":8,"skipped":0,"pct":66.66},"functions":{"total":5,"covered":5,"skipped":0,"pct":100},"statements":{"total":13,"covered":8,"skipped":0,"pct":61.53},"branches":{"total":9,"covered":6,"skipped":0,"pct":66.66}}
,"/Users/nako/WebstormProjects/github/thefoxfairy/Kokoro/kokoro-web/apps/admin/server/commands/identity.ts": {"lines":{"total":8,"covered":6,"skipped":0,"pct":75},"functions":{"total":4,"covered":2,"skipped":0,"pct":50},"statements":{"total":9,"covered":6,"skipped":0,"pct":66.66},"branches":{"total":4,"covered":1,"skipped":0,"pct":25}}
,"/Users/nako/WebstormProjects/github/thefoxfairy/Kokoro/kokoro-web/apps/admin/server/commands/result.ts": {"lines":{"total":1,"covered":1,"skipped":0,"pct":100},"functions":{"total":1,"covered":1,"skipped":0,"pct":100},"statements":{"total":1,"covered":1,"skipped":0,"pct":100},"branches":{"total":2,"covered":2,"skipped":0,"pct":100}}
,"/Users/nako/WebstormProjects/github/thefoxfairy/Kokoro/kokoro-web/apps/admin/server/iam/auth-adapter-client.ts": {"lines":{"total":61,"covered":23,"skipped":0,"pct":37.7},"functions":{"total":27,"covered":10,"skipped":0,"pct":37.03},"statements":{"total":68,"covered":23,"skipped":0,"pct":33.82},"branches":{"total":87,"covered":10,"skipped":0,"pct":11.49}}
,"/Users/nako/WebstormProjects/github/thefoxfairy/Kokoro/kokoro-web/apps/admin/server/iam/error.ts": {"lines":{"total":19,"covered":9,"skipped":0,"pct":47.36},"functions":{"total":2,"covered":1,"skipped":0,"pct":50},"statements":{"total":20,"covered":10,"skipped":0,"pct":50},"branches":{"total":26,"covered":11,"skipped":0,"pct":42.3}}
,"/Users/nako/WebstormProjects/github/thefoxfairy/Kokoro/kokoro-web/apps/admin/server/iam/management-client.ts": {"lines":{"total":64,"covered":30,"skipped":0,"pct":46.87},"functions":{"total":30,"covered":15,"skipped":0,"pct":50},"statements":{"total":66,"covered":31,"skipped":0,"pct":46.96},"branches":{"total":46,"covered":23,"skipped":0,"pct":50}}
,"/Users/nako/WebstormProjects/github/thefoxfairy/Kokoro/kokoro-web/apps/admin/server/iam/records.ts": {"lines":{"total":50,"covered":35,"skipped":0,"pct":70},"functions":{"total":14,"covered":11,"skipped":0,"pct":78.57},"statements":{"total":52,"covered":35,"skipped":0,"pct":67.3},"branches":{"total":122,"covered":86,"skipped":0,"pct":70.49}}
,"/Users/nako/WebstormProjects/github/thefoxfairy/Kokoro/kokoro-web/apps/admin/server/iam/transport.ts": {"lines":{"total":21,"covered":2,"skipped":0,"pct":9.52},"functions":{"total":8,"covered":0,"skipped":0,"pct":0},"statements":{"total":25,"covered":2,"skipped":0,"pct":8},"branches":{"total":25,"covered":0,"skipped":0,"pct":0}}
,"/Users/nako/WebstormProjects/github/thefoxfairy/Kokoro/kokoro-web/apps/admin/server/logging/auth-logger.ts": {"lines":{"total":9,"covered":5,"skipped":0,"pct":55.55},"functions":{"total":6,"covered":2,"skipped":0,"pct":33.33},"statements":{"total":10,"covered":6,"skipped":0,"pct":60},"branches":{"total":11,"covered":7,"skipped":0,"pct":63.63}}
,"/Users/nako/WebstormProjects/github/thefoxfairy/Kokoro/kokoro-web/apps/admin/server/logging/logger.ts": {"lines":{"total":6,"covered":5,"skipped":0,"pct":83.33},"functions":{"total":2,"covered":1,"skipped":0,"pct":50},"statements":{"total":7,"covered":6,"skipped":0,"pct":85.71},"branches":{"total":3,"covered":2,"skipped":0,"pct":66.66}}
,"/Users/nako/WebstormProjects/github/thefoxfairy/Kokoro/kokoro-web/apps/admin/test/support/auth-route-fixture.ts": {"lines":{"total":97,"covered":63,"skipped":0,"pct":64.94},"functions":{"total":34,"covered":19,"skipped":0,"pct":55.88},"statements":{"total":112,"covered":65,"skipped":0,"pct":58.03},"branches":{"total":45,"covered":17,"skipped":0,"pct":37.77}}
,"/Users/nako/WebstormProjects/github/thefoxfairy/Kokoro/kokoro-web/apps/admin/test/support/server-only.ts": {"lines":{"total":0,"covered":0,"skipped":0,"pct":100},"functions":{"total":0,"covered":0,"skipped":0,"pct":100},"statements":{"total":0,"covered":0,"skipped":0,"pct":100},"branches":{"total":0,"covered":0,"skipped":0,"pct":100}}
}
