{"total": {"lines":{"total":451,"covered":374,"skipped":0,"pct":82.92},"statements":{"total":491,"covered":396,"skipped":0,"pct":80.65},"functions":{"total":112,"covered":89,"skipped":0,"pct":79.46},"branches":{"total":539,"covered":329,"skipped":0,"pct":61.03},"branchesTrue":{"total":0,"covered":0,"skipped":0,"pct":100}}
,"/Users/nako/WebstormProjects/github/thefoxfairy/Kokoro/kokoro-web/apps/admin/generated/iam/proto/buf/validate/validate_pb.ts": {"lines":{"total":47,"covered":47,"skipped":0,"pct":100},"functions":{"total":2,"covered":2,"skipped":0,"pct":100},"statements":{"total":47,"covered":47,"skipped":0,"pct":100},"branches":{"total":0,"covered":0,"skipped":0,"pct":100}}
,"/Users/nako/WebstormProjects/github/thefoxfairy/Kokoro/kokoro-web/apps/admin/generated/iam/proto/kokoro/common/v1/error_pb.ts": {"lines":{"total":2,"covered":2,"skipped":0,"pct":100},"functions":{"total":0,"covered":0,"skipped":0,"pct":100},"statements":{"total":2,"covered":2,"skipped":0,"pct":100},"branches":{"total":0,"covered":0,"skipped":0,"pct":100}}
,"/Users/nako/WebstormProjects/github/thefoxfairy/Kokoro/kokoro-web/apps/admin/generated/iam/proto/kokoro/iam/v1/auth_adapter_pb.ts": {"lines":{"total":30,"covered":30,"skipped":0,"pct":100},"functions":{"total":0,"covered":0,"skipped":0,"pct":100},"statements":{"total":30,"covered":30,"skipped":0,"pct":100},"branches":{"total":0,"covered":0,"skipped":0,"pct":100}}
,"/Users/nako/WebstormProjects/github/thefoxfairy/Kokoro/kokoro-web/apps/admin/generated/iam/proto/kokoro/iam/v1/authorization_pb.ts": {"lines":{"total":10,"covered":10,"skipped":0,"pct":100},"functions":{"total":0,"covered":0,"skipped":0,"pct":100},"statements":{"total":10,"covered":10,"skipped":0,"pct":100},"branches":{"total":0,"covered":0,"skipped":0,"pct":100}}
,"/Users/nako/WebstormProjects/github/thefoxfairy/Kokoro/kokoro-web/apps/admin/generated/iam/proto/kokoro/iam/v1/session_pb.ts": {"lines":{"total":10,"covered":10,"skipped":0,"pct":100},"functions":{"total":0,"covered":0,"skipped":0,"pct":100},"statements":{"total":10,"covered":10,"skipped":0,"pct":100},"branches":{"total":0,"covered":0,"skipped":0,"pct":100}}
,"/Users/nako/WebstormProjects/github/thefoxfairy/Kokoro/kokoro-web/apps/admin/generated/iam/proto/kokoro/iam/v1/types_pb.ts": {"lines":{"total":14,"covered":14,"skipped":0,"pct":100},"functions":{"total":0,"covered":0,"skipped":0,"pct":100},"statements":{"total":14,"covered":14,"skipped":0,"pct":100},"branches":{"total":0,"covered":0,"skipped":0,"pct":100}}
,"/Users/nako/WebstormProjects/github/thefoxfairy/Kokoro/kokoro-web/apps/admin/lib/iam-values.ts": {"lines":{"total":2,"covered":2,"skipped":0,"pct":100},"functions":{"total":0,"covered":0,"skipped":0,"pct":100},"statements":{"total":2,"covered":2,"skipped":0,"pct":100},"branches":{"total":0,"covered":0,"skipped":0,"pct":100}}
,"/Users/nako/WebstormProjects/github/thefoxfairy/Kokoro/kokoro-web/apps/admin/modules/iam/access/query.ts": {"lines":{"total":42,"covered":13,"skipped":0,"pct":30.95},"functions":{"total":14,"covered":3,"skipped":0,"pct":21.42},"statements":{"total":46,"covered":14,"skipped":0,"pct":30.43},"branches":{"total":96,"covered":36,"skipped":0,"pct":37.5}}
,"/Users/nako/WebstormProjects/github/thefoxfairy/Kokoro/kokoro-web/apps/admin/modules/iam/access/schema.ts": {"lines":{"total":1,"covered":1,"skipped":0,"pct":100},"functions":{"total":0,"covered":0,"skipped":0,"pct":100},"statements":{"total":1,"covered":1,"skipped":0,"pct":100},"branches":{"total":0,"covered":0,"skipped":0,"pct":100}}
,"/Users/nako/WebstormProjects/github/thefoxfairy/Kokoro/kokoro-web/apps/admin/modules/iam/access/url.ts": {"lines":{"total":11,"covered":11,"skipped":0,"pct":100},"functions":{"total":1,"covered":1,"skipped":0,"pct":100},"statements":{"total":17,"covered":16,"skipped":0,"pct":94.11},"branches":{"total":16,"covered":9,"skipped":0,"pct":56.25}}
,"/Users/nako/WebstormProjects/github/thefoxfairy/Kokoro/kokoro-web/apps/admin/modules/iam/sessions/query.ts": {"lines":{"total":15,"covered":9,"skipped":0,"pct":60},"functions":{"total":5,"covered":3,"skipped":0,"pct":60},"statements":{"total":17,"covered":11,"skipped":0,"pct":64.7},"branches":{"total":34,"covered":17,"skipped":0,"pct":50}}
,"/Users/nako/WebstormProjects/github/thefoxfairy/Kokoro/kokoro-web/apps/admin/modules/iam/sessions/schema.ts": {"lines":{"total":3,"covered":3,"skipped":0,"pct":100},"functions":{"total":0,"covered":0,"skipped":0,"pct":100},"statements":{"total":3,"covered":3,"skipped":0,"pct":100},"branches":{"total":0,"covered":0,"skipped":0,"pct":100}}
,"/Users/nako/WebstormProjects/github/thefoxfairy/Kokoro/kokoro-web/apps/admin/modules/iam/sessions/url.ts": {"lines":{"total":5,"covered":5,"skipped":0,"pct":100},"functions":{"total":1,"covered":1,"skipped":0,"pct":100},"statements":{"total":7,"covered":7,"skipped":0,"pct":100},"branches":{"total":6,"covered":4,"skipped":0,"pct":66.66}}
,"/Users/nako/WebstormProjects/github/thefoxfairy/Kokoro/kokoro-web/apps/admin/modules/iam/users/query.ts": {"lines":{"total":22,"covered":12,"skipped":0,"pct":54.54},"functions":{"total":7,"covered":3,"skipped":0,"pct":42.85},"statements":{"total":24,"covered":13,"skipped":0,"pct":54.16},"branches":{"total":36,"covered":24,"skipped":0,"pct":66.66}}
,"/Users/nako/WebstormProjects/github/thefoxfairy/Kokoro/kokoro-web/apps/admin/modules/iam/users/schema.ts": {"lines":{"total":3,"covered":3,"skipped":0,"pct":100},"functions":{"total":0,"covered":0,"skipped":0,"pct":100},"statements":{"total":3,"covered":3,"skipped":0,"pct":100},"branches":{"total":0,"covered":0,"skipped":0,"pct":100}}
,"/Users/nako/WebstormProjects/github/thefoxfairy/Kokoro/kokoro-web/apps/admin/modules/iam/users/url.ts": {"lines":{"total":7,"covered":7,"skipped":0,"pct":100},"functions":{"total":1,"covered":1,"skipped":0,"pct":100},"statements":{"total":10,"covered":10,"skipped":0,"pct":100},"branches":{"total":8,"covered":6,"skipped":0,"pct":75}}
,"/Users/nako/WebstormProjects/github/thefoxfairy/Kokoro/kokoro-web/apps/admin/server/auth/adapter.ts": {"lines":{"total":16,"covered":16,"skipped":0,"pct":100},"functions":{"total":15,"covered":15,"skipped":0,"pct":100},"statements":{"total":16,"covered":16,"skipped":0,"pct":100},"branches":{"total":0,"covered":0,"skipped":0,"pct":100}}
,"/Users/nako/WebstormProjects/github/thefoxfairy/Kokoro/kokoro-web/apps/admin/server/auth/cookie.ts": {"lines":{"total":4,"covered":4,"skipped":0,"pct":100},"functions":{"total":2,"covered":2,"skipped":0,"pct":100},"statements":{"total":4,"covered":4,"skipped":0,"pct":100},"branches":{"total":6,"covered":6,"skipped":0,"pct":100}}
,"/Users/nako/WebstormProjects/github/thefoxfairy/Kokoro/kokoro-web/apps/admin/server/commands/identity.ts": {"lines":{"total":8,"covered":8,"skipped":0,"pct":100},"functions":{"total":4,"covered":4,"skipped":0,"pct":100},"statements":{"total":9,"covered":9,"skipped":0,"pct":100},"branches":{"total":4,"covered":4,"skipped":0,"pct":100}}
,"/Users/nako/WebstormProjects/github/thefoxfairy/Kokoro/kokoro-web/apps/admin/server/config/config.ts": {"lines":{"total":31,"covered":28,"skipped":0,"pct":90.32},"functions":{"total":7,"covered":6,"skipped":0,"pct":85.71},"statements":{"total":37,"covered":29,"skipped":0,"pct":78.37},"branches":{"total":41,"covered":33,"skipped":0,"pct":80.48}}
,"/Users/nako/WebstormProjects/github/thefoxfairy/Kokoro/kokoro-web/apps/admin/server/config/secret-file.ts": {"lines":{"total":17,"covered":17,"skipped":0,"pct":100},"functions":{"total":2,"covered":2,"skipped":0,"pct":100},"statements":{"total":17,"covered":17,"skipped":0,"pct":100},"branches":{"total":32,"covered":28,"skipped":0,"pct":87.5}}
,"/Users/nako/WebstormProjects/github/thefoxfairy/Kokoro/kokoro-web/apps/admin/server/iam/auth-adapter-client.ts": {"lines":{"total":61,"covered":58,"skipped":0,"pct":95.08},"functions":{"total":27,"covered":27,"skipped":0,"pct":100},"statements":{"total":68,"covered":60,"skipped":0,"pct":88.23},"branches":{"total":87,"covered":67,"skipped":0,"pct":77.01}}
,"/Users/nako/WebstormProjects/github/thefoxfairy/Kokoro/kokoro-web/apps/admin/server/iam/error.ts": {"lines":{"total":19,"covered":12,"skipped":0,"pct":63.15},"functions":{"total":2,"covered":2,"skipped":0,"pct":100},"statements":{"total":20,"covered":13,"skipped":0,"pct":65},"branches":{"total":26,"covered":19,"skipped":0,"pct":73.07}}
,"/Users/nako/WebstormProjects/github/thefoxfairy/Kokoro/kokoro-web/apps/admin/server/iam/records.ts": {"lines":{"total":50,"covered":33,"skipped":0,"pct":66},"functions":{"total":14,"covered":9,"skipped":0,"pct":64.28},"statements":{"total":52,"covered":33,"skipped":0,"pct":63.46},"branches":{"total":122,"covered":60,"skipped":0,"pct":49.18}}
,"/Users/nako/WebstormProjects/github/thefoxfairy/Kokoro/kokoro-web/apps/admin/server/iam/transport.ts": {"lines":{"total":21,"covered":19,"skipped":0,"pct":90.47},"functions":{"total":8,"covered":8,"skipped":0,"pct":100},"statements":{"total":25,"covered":22,"skipped":0,"pct":88},"branches":{"total":25,"covered":16,"skipped":0,"pct":64}}
,"/Users/nako/WebstormProjects/github/thefoxfairy/Kokoro/kokoro-web/apps/admin/test/support/server-only.ts": {"lines":{"total":0,"covered":0,"skipped":0,"pct":100},"functions":{"total":0,"covered":0,"skipped":0,"pct":100},"statements":{"total":0,"covered":0,"skipped":0,"pct":100},"branches":{"total":0,"covered":0,"skipped":0,"pct":100}}
}
