{"total": {"lines":{"total":1073,"covered":760,"skipped":0,"pct":70.82},"statements":{"total":1194,"covered":800,"skipped":0,"pct":67},"functions":{"total":290,"covered":196,"skipped":0,"pct":67.58},"branches":{"total":978,"covered":552,"skipped":0,"pct":56.44},"branchesTrue":{"total":0,"covered":0,"skipped":0,"pct":100}}
,"/Users/nako/WebstormProjects/github/thefoxfairy/Kokoro/kokoro-web/apps/admin/generated/iam/proto/buf/validate/validate_pb.ts": {"lines":{"total":47,"covered":47,"skipped":0,"pct":100},"functions":{"total":2,"covered":2,"skipped":0,"pct":100},"statements":{"total":47,"covered":47,"skipped":0,"pct":100},"branches":{"total":0,"covered":0,"skipped":0,"pct":100}}
,"/Users/nako/WebstormProjects/github/thefoxfairy/Kokoro/kokoro-web/apps/admin/generated/iam/proto/kokoro/common/v1/error_pb.ts": {"lines":{"total":2,"covered":2,"skipped":0,"pct":100},"functions":{"total":0,"covered":0,"skipped":0,"pct":100},"statements":{"total":2,"covered":2,"skipped":0,"pct":100},"branches":{"total":0,"covered":0,"skipped":0,"pct":100}}
,"/Users/nako/WebstormProjects/github/thefoxfairy/Kokoro/kokoro-web/apps/admin/generated/iam/proto/kokoro/iam/v1/administration_pb.ts": {"lines":{"total":22,"covered":22,"skipped":0,"pct":100},"functions":{"total":0,"covered":0,"skipped":0,"pct":100},"statements":{"total":22,"covered":22,"skipped":0,"pct":100},"branches":{"total":0,"covered":0,"skipped":0,"pct":100}}
,"/Users/nako/WebstormProjects/github/thefoxfairy/Kokoro/kokoro-web/apps/admin/generated/iam/proto/kokoro/iam/v1/auth_adapter_pb.ts": {"lines":{"total":30,"covered":30,"skipped":0,"pct":100},"functions":{"total":0,"covered":0,"skipped":0,"pct":100},"statements":{"total":30,"covered":30,"skipped":0,"pct":100},"branches":{"total":0,"covered":0,"skipped":0,"pct":100}}
,"/Users/nako/WebstormProjects/github/thefoxfairy/Kokoro/kokoro-web/apps/admin/generated/iam/proto/kokoro/iam/v1/authorization_pb.ts": {"lines":{"total":10,"covered":10,"skipped":0,"pct":100},"functions":{"total":0,"covered":0,"skipped":0,"pct":100},"statements":{"total":10,"covered":10,"skipped":0,"pct":100},"branches":{"total":0,"covered":0,"skipped":0,"pct":100}}
,"/Users/nako/WebstormProjects/github/thefoxfairy/Kokoro/kokoro-web/apps/admin/generated/iam/proto/kokoro/iam/v1/organization_pb.ts": {"lines":{"total":28,"covered":28,"skipped":0,"pct":100},"functions":{"total":0,"covered":0,"skipped":0,"pct":100},"statements":{"total":28,"covered":28,"skipped":0,"pct":100},"branches":{"total":0,"covered":0,"skipped":0,"pct":100}}
,"/Users/nako/WebstormProjects/github/thefoxfairy/Kokoro/kokoro-web/apps/admin/generated/iam/proto/kokoro/iam/v1/session_pb.ts": {"lines":{"total":10,"covered":10,"skipped":0,"pct":100},"functions":{"total":0,"covered":0,"skipped":0,"pct":100},"statements":{"total":10,"covered":10,"skipped":0,"pct":100},"branches":{"total":0,"covered":0,"skipped":0,"pct":100}}
,"/Users/nako/WebstormProjects/github/thefoxfairy/Kokoro/kokoro-web/apps/admin/generated/iam/proto/kokoro/iam/v1/types_pb.ts": {"lines":{"total":14,"covered":14,"skipped":0,"pct":100},"functions":{"total":0,"covered":0,"skipped":0,"pct":100},"statements":{"total":14,"covered":14,"skipped":0,"pct":100},"branches":{"total":0,"covered":0,"skipped":0,"pct":100}}
,"/Users/nako/WebstormProjects/github/thefoxfairy/Kokoro/kokoro-web/apps/admin/lib/iam-values.ts": {"lines":{"total":2,"covered":2,"skipped":0,"pct":100},"functions":{"total":0,"covered":0,"skipped":0,"pct":100},"statements":{"total":2,"covered":2,"skipped":0,"pct":100},"branches":{"total":0,"covered":0,"skipped":0,"pct":100}}
,"/Users/nako/WebstormProjects/github/thefoxfairy/Kokoro/kokoro-web/apps/admin/modules/iam/access/query.ts": {"lines":{"total":42,"covered":34,"skipped":0,"pct":80.95},"functions":{"total":14,"covered":14,"skipped":0,"pct":100},"statements":{"total":46,"covered":38,"skipped":0,"pct":82.6},"branches":{"total":96,"covered":76,"skipped":0,"pct":79.16}}
,"/Users/nako/WebstormProjects/github/thefoxfairy/Kokoro/kokoro-web/apps/admin/modules/iam/access/schema.ts": {"lines":{"total":1,"covered":1,"skipped":0,"pct":100},"functions":{"total":0,"covered":0,"skipped":0,"pct":100},"statements":{"total":1,"covered":1,"skipped":0,"pct":100},"branches":{"total":0,"covered":0,"skipped":0,"pct":100}}
,"/Users/nako/WebstormProjects/github/thefoxfairy/Kokoro/kokoro-web/apps/admin/modules/iam/audit/query.ts": {"lines":{"total":33,"covered":32,"skipped":0,"pct":96.96},"functions":{"total":11,"covered":11,"skipped":0,"pct":100},"statements":{"total":42,"covered":36,"skipped":0,"pct":85.71},"branches":{"total":61,"covered":46,"skipped":0,"pct":75.4}}
,"/Users/nako/WebstormProjects/github/thefoxfairy/Kokoro/kokoro-web/apps/admin/modules/iam/audit/schema.ts": {"lines":{"total":1,"covered":1,"skipped":0,"pct":100},"functions":{"total":0,"covered":0,"skipped":0,"pct":100},"statements":{"total":1,"covered":1,"skipped":0,"pct":100},"branches":{"total":0,"covered":0,"skipped":0,"pct":100}}
,"/Users/nako/WebstormProjects/github/thefoxfairy/Kokoro/kokoro-web/apps/admin/modules/iam/audit/url.ts": {"lines":{"total":11,"covered":11,"skipped":0,"pct":100},"functions":{"total":1,"covered":1,"skipped":0,"pct":100},"statements":{"total":19,"covered":19,"skipped":0,"pct":100},"branches":{"total":18,"covered":10,"skipped":0,"pct":55.55}}
,"/Users/nako/WebstormProjects/github/thefoxfairy/Kokoro/kokoro-web/apps/admin/modules/iam/members/actions.ts": {"lines":{"total":27,"covered":22,"skipped":0,"pct":81.48},"functions":{"total":4,"covered":3,"skipped":0,"pct":75},"statements":{"total":29,"covered":22,"skipped":0,"pct":75.86},"branches":{"total":26,"covered":16,"skipped":0,"pct":61.53}}
,"/Users/nako/WebstormProjects/github/thefoxfairy/Kokoro/kokoro-web/apps/admin/modules/iam/members/schema.ts": {"lines":{"total":3,"covered":3,"skipped":0,"pct":100},"functions":{"total":0,"covered":0,"skipped":0,"pct":100},"statements":{"total":3,"covered":3,"skipped":0,"pct":100},"branches":{"total":0,"covered":0,"skipped":0,"pct":100}}
,"/Users/nako/WebstormProjects/github/thefoxfairy/Kokoro/kokoro-web/apps/admin/modules/iam/organizations/actions.ts": {"lines":{"total":25,"covered":24,"skipped":0,"pct":96},"functions":{"total":4,"covered":4,"skipped":0,"pct":100},"statements":{"total":27,"covered":25,"skipped":0,"pct":92.59},"branches":{"total":22,"covered":19,"skipped":0,"pct":86.36}}
,"/Users/nako/WebstormProjects/github/thefoxfairy/Kokoro/kokoro-web/apps/admin/modules/iam/organizations/query.ts": {"lines":{"total":48,"covered":41,"skipped":0,"pct":85.41},"functions":{"total":18,"covered":18,"skipped":0,"pct":100},"statements":{"total":57,"covered":47,"skipped":0,"pct":82.45},"branches":{"total":75,"covered":46,"skipped":0,"pct":61.33}}
,"/Users/nako/WebstormProjects/github/thefoxfairy/Kokoro/kokoro-web/apps/admin/modules/iam/organizations/schema.ts": {"lines":{"total":9,"covered":9,"skipped":0,"pct":100},"functions":{"total":0,"covered":0,"skipped":0,"pct":100},"statements":{"total":9,"covered":9,"skipped":0,"pct":100},"branches":{"total":0,"covered":0,"skipped":0,"pct":100}}
,"/Users/nako/WebstormProjects/github/thefoxfairy/Kokoro/kokoro-web/apps/admin/modules/iam/overview/query.ts": {"lines":{"total":3,"covered":3,"skipped":0,"pct":100},"functions":{"total":2,"covered":2,"skipped":0,"pct":100},"statements":{"total":3,"covered":3,"skipped":0,"pct":100},"branches":{"total":0,"covered":0,"skipped":0,"pct":100}}
,"/Users/nako/WebstormProjects/github/thefoxfairy/Kokoro/kokoro-web/apps/admin/modules/iam/sessions/actions.ts": {"lines":{"total":17,"covered":13,"skipped":0,"pct":76.47},"functions":{"total":3,"covered":2,"skipped":0,"pct":66.66},"statements":{"total":20,"covered":14,"skipped":0,"pct":70},"branches":{"total":16,"covered":6,"skipped":0,"pct":37.5}}
,"/Users/nako/WebstormProjects/github/thefoxfairy/Kokoro/kokoro-web/apps/admin/modules/iam/sessions/query.ts": {"lines":{"total":15,"covered":12,"skipped":0,"pct":80},"functions":{"total":5,"covered":4,"skipped":0,"pct":80},"statements":{"total":17,"covered":13,"skipped":0,"pct":76.47},"branches":{"total":34,"covered":19,"skipped":0,"pct":55.88}}
,"/Users/nako/WebstormProjects/github/thefoxfairy/Kokoro/kokoro-web/apps/admin/modules/iam/sessions/schema.ts": {"lines":{"total":3,"covered":3,"skipped":0,"pct":100},"functions":{"total":0,"covered":0,"skipped":0,"pct":100},"statements":{"total":3,"covered":3,"skipped":0,"pct":100},"branches":{"total":0,"covered":0,"skipped":0,"pct":100}}
,"/Users/nako/WebstormProjects/github/thefoxfairy/Kokoro/kokoro-web/apps/admin/modules/iam/users/actions.ts": {"lines":{"total":22,"covered":19,"skipped":0,"pct":86.36},"functions":{"total":4,"covered":3,"skipped":0,"pct":75},"statements":{"total":24,"covered":19,"skipped":0,"pct":79.16},"branches":{"total":16,"covered":7,"skipped":0,"pct":43.75}}
,"/Users/nako/WebstormProjects/github/thefoxfairy/Kokoro/kokoro-web/apps/admin/modules/iam/users/query.ts": {"lines":{"total":22,"covered":6,"skipped":0,"pct":27.27},"functions":{"total":7,"covered":2,"skipped":0,"pct":28.57},"statements":{"total":24,"covered":7,"skipped":0,"pct":29.16},"branches":{"total":36,"covered":3,"skipped":0,"pct":8.33}}
,"/Users/nako/WebstormProjects/github/thefoxfairy/Kokoro/kokoro-web/apps/admin/modules/iam/users/schema.ts": {"lines":{"total":3,"covered":3,"skipped":0,"pct":100},"functions":{"total":0,"covered":0,"skipped":0,"pct":100},"statements":{"total":3,"covered":3,"skipped":0,"pct":100},"branches":{"total":0,"covered":0,"skipped":0,"pct":100}}
,"/Users/nako/WebstormProjects/github/thefoxfairy/Kokoro/kokoro-web/apps/admin/scripts/test/evidence.ts": {"lines":{"total":48,"covered":0,"skipped":0,"pct":0},"functions":{"total":15,"covered":0,"skipped":0,"pct":0},"statements":{"total":51,"covered":0,"skipped":0,"pct":0},"branches":{"total":9,"covered":0,"skipped":0,"pct":0}}
,"/Users/nako/WebstormProjects/github/thefoxfairy/Kokoro/kokoro-web/apps/admin/scripts/test/production-boundary.ts": {"lines":{"total":41,"covered":7,"skipped":0,"pct":17.07},"functions":{"total":11,"covered":0,"skipped":0,"pct":0},"statements":{"total":55,"covered":7,"skipped":0,"pct":12.72},"branches":{"total":35,"covered":0,"skipped":0,"pct":0}}
,"/Users/nako/WebstormProjects/github/thefoxfairy/Kokoro/kokoro-web/apps/admin/scripts/test/smoke-runtime.ts": {"lines":{"total":109,"covered":8,"skipped":0,"pct":7.33},"functions":{"total":28,"covered":2,"skipped":0,"pct":7.14},"statements":{"total":127,"covered":8,"skipped":0,"pct":6.29},"branches":{"total":75,"covered":4,"skipped":0,"pct":5.33}}
,"/Users/nako/WebstormProjects/github/thefoxfairy/Kokoro/kokoro-web/apps/admin/server/auth/adapter.ts": {"lines":{"total":16,"covered":9,"skipped":0,"pct":56.25},"functions":{"total":15,"covered":8,"skipped":0,"pct":53.33},"statements":{"total":16,"covered":9,"skipped":0,"pct":56.25},"branches":{"total":0,"covered":0,"skipped":0,"pct":100}}
,"/Users/nako/WebstormProjects/github/thefoxfairy/Kokoro/kokoro-web/apps/admin/server/auth/cookie.ts": {"lines":{"total":4,"covered":4,"skipped":0,"pct":100},"functions":{"total":2,"covered":2,"skipped":0,"pct":100},"statements":{"total":4,"covered":4,"skipped":0,"pct":100},"branches":{"total":6,"covered":5,"skipped":0,"pct":83.33}}
,"/Users/nako/WebstormProjects/github/thefoxfairy/Kokoro/kokoro-web/apps/admin/server/auth/options.ts": {"lines":{"total":9,"covered":9,"skipped":0,"pct":100},"functions":{"total":7,"covered":7,"skipped":0,"pct":100},"statements":{"total":11,"covered":10,"skipped":0,"pct":90.9},"branches":{"total":13,"covered":11,"skipped":0,"pct":84.61}}
,"/Users/nako/WebstormProjects/github/thefoxfairy/Kokoro/kokoro-web/apps/admin/server/auth/redirect.ts": {"lines":{"total":24,"covered":20,"skipped":0,"pct":83.33},"functions":{"total":3,"covered":3,"skipped":0,"pct":100},"statements":{"total":27,"covered":21,"skipped":0,"pct":77.77},"branches":{"total":40,"covered":30,"skipped":0,"pct":75}}
,"/Users/nako/WebstormProjects/github/thefoxfairy/Kokoro/kokoro-web/apps/admin/server/auth/route.ts": {"lines":{"total":23,"covered":19,"skipped":0,"pct":82.6},"functions":{"total":6,"covered":5,"skipped":0,"pct":83.33},"statements":{"total":26,"covered":20,"skipped":0,"pct":76.92},"branches":{"total":23,"covered":20,"skipped":0,"pct":86.95}}
,"/Users/nako/WebstormProjects/github/thefoxfairy/Kokoro/kokoro-web/apps/admin/server/auth/session-boundary.ts": {"lines":{"total":12,"covered":12,"skipped":0,"pct":100},"functions":{"total":5,"covered":5,"skipped":0,"pct":100},"statements":{"total":13,"covered":13,"skipped":0,"pct":100},"branches":{"total":9,"covered":9,"skipped":0,"pct":100}}
,"/Users/nako/WebstormProjects/github/thefoxfairy/Kokoro/kokoro-web/apps/admin/server/commands/identity.ts": {"lines":{"total":8,"covered":6,"skipped":0,"pct":75},"functions":{"total":4,"covered":2,"skipped":0,"pct":50},"statements":{"total":9,"covered":6,"skipped":0,"pct":66.66},"branches":{"total":4,"covered":1,"skipped":0,"pct":25}}
,"/Users/nako/WebstormProjects/github/thefoxfairy/Kokoro/kokoro-web/apps/admin/server/commands/result.ts": {"lines":{"total":1,"covered":1,"skipped":0,"pct":100},"functions":{"total":1,"covered":1,"skipped":0,"pct":100},"statements":{"total":1,"covered":1,"skipped":0,"pct":100},"branches":{"total":2,"covered":2,"skipped":0,"pct":100}}
,"/Users/nako/WebstormProjects/github/thefoxfairy/Kokoro/kokoro-web/apps/admin/server/iam/auth-adapter-client.ts": {"lines":{"total":61,"covered":38,"skipped":0,"pct":62.29},"functions":{"total":27,"covered":16,"skipped":0,"pct":59.25},"statements":{"total":68,"covered":38,"skipped":0,"pct":55.88},"branches":{"total":87,"covered":30,"skipped":0,"pct":34.48}}
,"/Users/nako/WebstormProjects/github/thefoxfairy/Kokoro/kokoro-web/apps/admin/server/iam/error.ts": {"lines":{"total":19,"covered":9,"skipped":0,"pct":47.36},"functions":{"total":2,"covered":1,"skipped":0,"pct":50},"statements":{"total":20,"covered":9,"skipped":0,"pct":45},"branches":{"total":26,"covered":10,"skipped":0,"pct":38.46}}
,"/Users/nako/WebstormProjects/github/thefoxfairy/Kokoro/kokoro-web/apps/admin/server/iam/management-client.ts": {"lines":{"total":64,"covered":62,"skipped":0,"pct":96.87},"functions":{"total":30,"covered":29,"skipped":0,"pct":96.66},"statements":{"total":66,"covered":63,"skipped":0,"pct":95.45},"branches":{"total":46,"covered":38,"skipped":0,"pct":82.6}}
,"/Users/nako/WebstormProjects/github/thefoxfairy/Kokoro/kokoro-web/apps/admin/server/iam/records.ts": {"lines":{"total":50,"covered":37,"skipped":0,"pct":74},"functions":{"total":14,"covered":12,"skipped":0,"pct":85.71},"statements":{"total":52,"covered":37,"skipped":0,"pct":71.15},"branches":{"total":122,"covered":97,"skipped":0,"pct":79.5}}
,"/Users/nako/WebstormProjects/github/thefoxfairy/Kokoro/kokoro-web/apps/admin/server/iam/session-client.ts": {"lines":{"total":16,"covered":14,"skipped":0,"pct":87.5},"functions":{"total":3,"covered":3,"skipped":0,"pct":100},"statements":{"total":18,"covered":15,"skipped":0,"pct":83.33},"branches":{"total":11,"covered":9,"skipped":0,"pct":81.81}}
,"/Users/nako/WebstormProjects/github/thefoxfairy/Kokoro/kokoro-web/apps/admin/server/iam/transport.ts": {"lines":{"total":21,"covered":17,"skipped":0,"pct":80.95},"functions":{"total":8,"covered":7,"skipped":0,"pct":87.5},"statements":{"total":25,"covered":20,"skipped":0,"pct":80},"branches":{"total":25,"covered":13,"skipped":0,"pct":52}}
,"/Users/nako/WebstormProjects/github/thefoxfairy/Kokoro/kokoro-web/apps/admin/test/support/auth-route-fixture.ts": {"lines":{"total":97,"covered":86,"skipped":0,"pct":88.65},"functions":{"total":34,"covered":27,"skipped":0,"pct":79.41},"statements":{"total":112,"covered":91,"skipped":0,"pct":81.25},"branches":{"total":45,"covered":25,"skipped":0,"pct":55.55}}
,"/Users/nako/WebstormProjects/github/thefoxfairy/Kokoro/kokoro-web/apps/admin/test/support/server-only.ts": {"lines":{"total":0,"covered":0,"skipped":0,"pct":100},"functions":{"total":0,"covered":0,"skipped":0,"pct":100},"statements":{"total":0,"covered":0,"skipped":0,"pct":100},"branches":{"total":0,"covered":0,"skipped":0,"pct":100}}
}
